<?xml version="1.0" encoding="UTF-8"?>
<testng-results skipped="0" failed="2" ignored="0" total="8" passed="6">
  <reporter-output>
  </reporter-output>
  <suite name="ExtentsReport" duration-ms="170821" started-at="2021-03-31T19:30:53 IST" finished-at="2021-03-31T19:33:44 IST">
    <groups>
    </groups>
    <test name="TestOnJenkin" duration-ms="170821" started-at="2021-03-31T19:30:53 IST" finished-at="2021-03-31T19:33:44 IST">
      <class name="ecom.HomePageTest">
        <test-method status="PASS" signature="extentreportinitialisation()[pri:0, instance:ecom.HomePageTest@52feb982]" name="extentreportinitialisation" is-config="true" duration-ms="151" started-at="2021-03-31T19:30:53 IST" finished-at="2021-03-31T19:30:53 IST">
          <reporter-output>
          </reporter-output>
        </test-method> <!-- extentreportinitialisation -->
        <test-method status="PASS" signature="access()[pri:0, instance:ecom.HomePageTest@52feb982]" name="access" is-config="true" duration-ms="38410" started-at="2021-03-31T19:30:53 IST" finished-at="2021-03-31T19:31:32 IST">
          <reporter-output>
          </reporter-output>
        </test-method> <!-- access -->
        <test-method status="PASS" signature="signin()[pri:1, instance:ecom.HomePageTest@52feb982]" name="signin" duration-ms="4025" started-at="2021-03-31T19:31:32 IST" finished-at="2021-03-31T19:31:36 IST">
          <reporter-output>
          </reporter-output>
        </test-method> <!-- signin -->
        <test-method status="PASS" signature="teardown(org.testng.ITestResult)[pri:0, instance:ecom.HomePageTest@52feb982]" name="teardown" is-config="true" duration-ms="1406" started-at="2021-03-31T19:31:36 IST" finished-at="2021-03-31T19:31:37 IST">
          <params>
            <param index="0">
              <value>
                <![CDATA[[TestResult name=signin status=SUCCESS method=HomePageTest.signin()[pri:1, instance:ecom.HomePageTest@52feb982] output={null}]]]>
              </value>
            </param>
          </params>
          <reporter-output>
          </reporter-output>
        </test-method> <!-- teardown -->
        <test-method status="PASS" signature="access()[pri:0, instance:ecom.HomePageTest@52feb982]" name="access" is-config="true" duration-ms="15268" started-at="2021-03-31T19:31:37 IST" finished-at="2021-03-31T19:31:52 IST">
          <reporter-output>
          </reporter-output>
        </test-method> <!-- access -->
        <test-method status="PASS" signature="contact_us()[pri:2, instance:ecom.HomePageTest@52feb982]" name="contact_us" duration-ms="3501" started-at="2021-03-31T19:31:52 IST" finished-at="2021-03-31T19:31:56 IST">
          <reporter-output>
          </reporter-output>
        </test-method> <!-- contact_us -->
        <test-method status="PASS" signature="teardown(org.testng.ITestResult)[pri:0, instance:ecom.HomePageTest@52feb982]" name="teardown" is-config="true" duration-ms="820" started-at="2021-03-31T19:31:56 IST" finished-at="2021-03-31T19:31:57 IST">
          <params>
            <param index="0">
              <value>
                <![CDATA[[TestResult name=contact_us status=SUCCESS method=HomePageTest.contact_us()[pri:2, instance:ecom.HomePageTest@52feb982] output={null}]]]>
              </value>
            </param>
          </params>
          <reporter-output>
          </reporter-output>
        </test-method> <!-- teardown -->
        <test-method status="PASS" signature="access()[pri:0, instance:ecom.HomePageTest@52feb982]" name="access" is-config="true" duration-ms="15520" started-at="2021-03-31T19:31:57 IST" finished-at="2021-03-31T19:32:12 IST">
          <reporter-output>
          </reporter-output>
        </test-method> <!-- access -->
        <test-method status="PASS" signature="enter_search()[pri:3, instance:ecom.HomePageTest@52feb982]" name="enter_search" duration-ms="538" started-at="2021-03-31T19:32:12 IST" finished-at="2021-03-31T19:32:13 IST">
          <reporter-output>
          </reporter-output>
        </test-method> <!-- enter_search -->
        <test-method status="PASS" signature="teardown(org.testng.ITestResult)[pri:0, instance:ecom.HomePageTest@52feb982]" name="teardown" is-config="true" duration-ms="979" started-at="2021-03-31T19:32:13 IST" finished-at="2021-03-31T19:32:14 IST">
          <params>
            <param index="0">
              <value>
                <![CDATA[[TestResult name=enter_search status=SUCCESS method=HomePageTest.enter_search()[pri:3, instance:ecom.HomePageTest@52feb982] output={null}]]]>
              </value>
            </param>
          </params>
          <reporter-output>
          </reporter-output>
        </test-method> <!-- teardown -->
        <test-method status="PASS" signature="access()[pri:0, instance:ecom.HomePageTest@52feb982]" name="access" is-config="true" duration-ms="14698" started-at="2021-03-31T19:32:14 IST" finished-at="2021-03-31T19:32:28 IST">
          <reporter-output>
          </reporter-output>
        </test-method> <!-- access -->
        <test-method status="PASS" signature="click_search_click()[pri:4, instance:ecom.HomePageTest@52feb982]" name="click_search_click" duration-ms="3298" started-at="2021-03-31T19:32:28 IST" finished-at="2021-03-31T19:32:32 IST">
          <reporter-output>
          </reporter-output>
        </test-method> <!-- click_search_click -->
        <test-method status="PASS" signature="teardown(org.testng.ITestResult)[pri:0, instance:ecom.HomePageTest@52feb982]" name="teardown" is-config="true" duration-ms="872" started-at="2021-03-31T19:32:32 IST" finished-at="2021-03-31T19:32:33 IST">
          <params>
            <param index="0">
              <value>
                <![CDATA[[TestResult name=click_search_click status=SUCCESS method=HomePageTest.click_search_click()[pri:4, instance:ecom.HomePageTest@52feb982] output={null}]]]>
              </value>
            </param>
          </params>
          <reporter-output>
          </reporter-output>
        </test-method> <!-- teardown -->
        <test-method status="PASS" signature="access()[pri:0, instance:ecom.HomePageTest@52feb982]" name="access" is-config="true" duration-ms="16009" started-at="2021-03-31T19:32:33 IST" finished-at="2021-03-31T19:32:49 IST">
          <reporter-output>
          </reporter-output>
        </test-method> <!-- access -->
        <test-method status="FAIL" signature="title()[pri:5, instance:ecom.HomePageTest@52feb982]" name="title" duration-ms="29" started-at="2021-03-31T19:32:49 IST" finished-at="2021-03-31T19:32:49 IST">
          <exception class="java.lang.AssertionError">
            <message>
              <![CDATA[expected [awesome] but found [My Store]]]>
            </message>
            <full-stacktrace>
              <![CDATA[java.lang.AssertionError: expected [awesome] but found [My Store]
at org.testng.Assert.fail(Assert.java:97)
at org.testng.Assert.assertEqualsImpl(Assert.java:136)
at org.testng.Assert.assertEquals(Assert.java:118)
at org.testng.Assert.assertEquals(Assert.java:575)
at org.testng.Assert.assertEquals(Assert.java:585)
at ecom.HomePageTest.title(HomePageTest.java:76)
at sun.reflect.NativeMethodAccessorImpl.invoke0(Native Method)
at sun.reflect.NativeMethodAccessorImpl.invoke(NativeMethodAccessorImpl.java:62)
at sun.reflect.DelegatingMethodAccessorImpl.invoke(DelegatingMethodAccessorImpl.java:43)
at java.lang.reflect.Method.invoke(Method.java:498)
at org.testng.internal.MethodInvocationHelper.invokeMethod(MethodInvocationHelper.java:134)
at org.testng.internal.TestInvoker.invokeMethod(TestInvoker.java:597)
at org.testng.internal.TestInvoker.invokeTestMethod(TestInvoker.java:173)
at org.testng.internal.MethodRunner.runInSequence(MethodRunner.java:46)
at org.testng.internal.TestInvoker$MethodInvocationAgent.invoke(TestInvoker.java:816)
at org.testng.internal.TestInvoker.invokeTestMethods(TestInvoker.java:146)
at org.testng.internal.TestMethodWorker.invokeTestMethods(TestMethodWorker.java:146)
at org.testng.internal.TestMethodWorker.run(TestMethodWorker.java:128)
at java.util.ArrayList.forEach(ArrayList.java:1249)
at org.testng.TestRunner.privateRun(TestRunner.java:766)
at org.testng.TestRunner.run(TestRunner.java:587)
at org.testng.SuiteRunner.runTest(SuiteRunner.java:384)
at org.testng.SuiteRunner.runSequentially(SuiteRunner.java:378)
at org.testng.SuiteRunner.privateRun(SuiteRunner.java:337)
at org.testng.SuiteRunner.run(SuiteRunner.java:286)
at org.testng.SuiteRunnerWorker.runSuite(SuiteRunnerWorker.java:53)
at org.testng.SuiteRunnerWorker.run(SuiteRunnerWorker.java:96)
at org.testng.TestNG.runSuitesSequentially(TestNG.java:1187)
at org.testng.TestNG.runSuitesLocally(TestNG.java:1109)
at org.testng.TestNG.runSuites(TestNG.java:1039)
at org.testng.TestNG.run(TestNG.java:1007)
at org.apache.maven.surefire.testng.TestNGExecutor.run(TestNGExecutor.java:284)
at org.apache.maven.surefire.testng.TestNGXmlTestSuite.execute(TestNGXmlTestSuite.java:75)
at org.apache.maven.surefire.testng.TestNGProvider.invoke(TestNGProvider.java:119)
at org.apache.maven.surefire.booter.ForkedBooter.runSuitesInProcess(ForkedBooter.java:428)
at org.apache.maven.surefire.booter.ForkedBooter.execute(ForkedBooter.java:162)
at org.apache.maven.surefire.booter.ForkedBooter.run(ForkedBooter.java:562)
at org.apache.maven.surefire.booter.ForkedBooter.main(ForkedBooter.java:548)
]]>
            </full-stacktrace>
          </exception> <!-- java.lang.AssertionError -->
          <reporter-output>
          </reporter-output>
        </test-method> <!-- title -->
        <test-method status="PASS" signature="teardown(org.testng.ITestResult)[pri:0, instance:ecom.HomePageTest@52feb982]" name="teardown" is-config="true" duration-ms="1967" started-at="2021-03-31T19:32:49 IST" finished-at="2021-03-31T19:32:51 IST">
          <params>
            <param index="0">
              <value>
                <![CDATA[[TestResult name=title status=FAILURE method=HomePageTest.title()[pri:5, instance:ecom.HomePageTest@52feb982] output={null}]]]>
              </value>
            </param>
          </params>
          <reporter-output>
          </reporter-output>
        </test-method> <!-- teardown -->
        <test-method status="PASS" signature="teardownforextents()[pri:0, instance:ecom.HomePageTest@52feb982]" name="teardownforextents" is-config="true" duration-ms="749" started-at="2021-03-31T19:33:44 IST" finished-at="2021-03-31T19:33:45 IST">
          <reporter-output>
          </reporter-output>
        </test-method> <!-- teardownforextents -->
      </class> <!-- ecom.HomePageTest -->
      <class name="ecom.SearchPageTest">
        <test-method status="PASS" signature="extentreportinitialisation()[pri:0, instance:ecom.SearchPageTest@7a765367]" name="extentreportinitialisation" is-config="true" duration-ms="7" started-at="2021-03-31T19:30:53 IST" finished-at="2021-03-31T19:30:53 IST">
          <reporter-output>
          </reporter-output>
        </test-method> <!-- extentreportinitialisation -->
        <test-method status="PASS" signature="access()[pri:0, instance:ecom.SearchPageTest@7a765367]" name="access" is-config="true" duration-ms="15340" started-at="2021-03-31T19:32:51 IST" finished-at="2021-03-31T19:33:06 IST">
          <reporter-output>
          </reporter-output>
        </test-method> <!-- access -->
        <test-method status="PASS" signature="test1()[pri:1, instance:ecom.SearchPageTest@7a765367]" name="test1" duration-ms="10" started-at="2021-03-31T19:33:06 IST" finished-at="2021-03-31T19:33:06 IST">
          <reporter-output>
          </reporter-output>
        </test-method> <!-- test1 -->
        <test-method status="PASS" signature="teardown(org.testng.ITestResult)[pri:0, instance:ecom.SearchPageTest@7a765367]" name="teardown" is-config="true" duration-ms="833" started-at="2021-03-31T19:33:06 IST" finished-at="2021-03-31T19:33:07 IST">
          <params>
            <param index="0">
              <value>
                <![CDATA[[TestResult name=test1 status=SUCCESS method=SearchPageTest.test1()[pri:1, instance:ecom.SearchPageTest@7a765367] output={null}]]]>
              </value>
            </param>
          </params>
          <reporter-output>
          </reporter-output>
        </test-method> <!-- teardown -->
        <test-method status="PASS" signature="access()[pri:0, instance:ecom.SearchPageTest@7a765367]" name="access" is-config="true" duration-ms="15246" started-at="2021-03-31T19:33:07 IST" finished-at="2021-03-31T19:33:22 IST">
          <reporter-output>
          </reporter-output>
        </test-method> <!-- access -->
        <test-method status="PASS" signature="contact_us()[pri:2, instance:ecom.SearchPageTest@7a765367]" name="contact_us" duration-ms="0" started-at="2021-03-31T19:33:22 IST" finished-at="2021-03-31T19:33:22 IST">
          <reporter-output>
          </reporter-output>
        </test-method> <!-- contact_us -->
        <test-method status="PASS" signature="teardown(org.testng.ITestResult)[pri:0, instance:ecom.SearchPageTest@7a765367]" name="teardown" is-config="true" duration-ms="779" started-at="2021-03-31T19:33:22 IST" finished-at="2021-03-31T19:33:23 IST">
          <params>
            <param index="0">
              <value>
                <![CDATA[[TestResult name=contact_us status=SUCCESS method=SearchPageTest.contact_us()[pri:2, instance:ecom.SearchPageTest@7a765367] output={null}]]]>
              </value>
            </param>
          </params>
          <reporter-output>
          </reporter-output>
        </test-method> <!-- teardown -->
        <test-method status="PASS" signature="access()[pri:0, instance:ecom.SearchPageTest@7a765367]" name="access" is-config="true" duration-ms="19370" started-at="2021-03-31T19:33:23 IST" finished-at="2021-03-31T19:33:42 IST">
          <reporter-output>
          </reporter-output>
        </test-method> <!-- access -->
        <test-method status="FAIL" signature="titletest3()[pri:3, instance:ecom.SearchPageTest@7a765367]" name="titletest3" duration-ms="16" started-at="2021-03-31T19:33:42 IST" finished-at="2021-03-31T19:33:42 IST">
          <exception class="java.lang.AssertionError">
            <message>
              <![CDATA[expected [awesome] but found [My Store]]]>
            </message>
            <full-stacktrace>
              <![CDATA[java.lang.AssertionError: expected [awesome] but found [My Store]
at org.testng.Assert.fail(Assert.java:97)
at org.testng.Assert.assertEqualsImpl(Assert.java:136)
at org.testng.Assert.assertEquals(Assert.java:118)
at org.testng.Assert.assertEquals(Assert.java:575)
at org.testng.Assert.assertEquals(Assert.java:585)
at ecom.SearchPageTest.titletest3(SearchPageTest.java:56)
at sun.reflect.NativeMethodAccessorImpl.invoke0(Native Method)
at sun.reflect.NativeMethodAccessorImpl.invoke(NativeMethodAccessorImpl.java:62)
at sun.reflect.DelegatingMethodAccessorImpl.invoke(DelegatingMethodAccessorImpl.java:43)
at java.lang.reflect.Method.invoke(Method.java:498)
at org.testng.internal.MethodInvocationHelper.invokeMethod(MethodInvocationHelper.java:134)
at org.testng.internal.TestInvoker.invokeMethod(TestInvoker.java:597)
at org.testng.internal.TestInvoker.invokeTestMethod(TestInvoker.java:173)
at org.testng.internal.MethodRunner.runInSequence(MethodRunner.java:46)
at org.testng.internal.TestInvoker$MethodInvocationAgent.invoke(TestInvoker.java:816)
at org.testng.internal.TestInvoker.invokeTestMethods(TestInvoker.java:146)
at org.testng.internal.TestMethodWorker.invokeTestMethods(TestMethodWorker.java:146)
at org.testng.internal.TestMethodWorker.run(TestMethodWorker.java:128)
at java.util.ArrayList.forEach(ArrayList.java:1249)
at org.testng.TestRunner.privateRun(TestRunner.java:766)
at org.testng.TestRunner.run(TestRunner.java:587)
at org.testng.SuiteRunner.runTest(SuiteRunner.java:384)
at org.testng.SuiteRunner.runSequentially(SuiteRunner.java:378)
at org.testng.SuiteRunner.privateRun(SuiteRunner.java:337)
at org.testng.SuiteRunner.run(SuiteRunner.java:286)
at org.testng.SuiteRunnerWorker.runSuite(SuiteRunnerWorker.java:53)
at org.testng.SuiteRunnerWorker.run(SuiteRunnerWorker.java:96)
at org.testng.TestNG.runSuitesSequentially(TestNG.java:1187)
at org.testng.TestNG.runSuitesLocally(TestNG.java:1109)
at org.testng.TestNG.runSuites(TestNG.java:1039)
at org.testng.TestNG.run(TestNG.java:1007)
at org.apache.maven.surefire.testng.TestNGExecutor.run(TestNGExecutor.java:284)
at org.apache.maven.surefire.testng.TestNGXmlTestSuite.execute(TestNGXmlTestSuite.java:75)
at org.apache.maven.surefire.testng.TestNGProvider.invoke(TestNGProvider.java:119)
at org.apache.maven.surefire.booter.ForkedBooter.runSuitesInProcess(ForkedBooter.java:428)
at org.apache.maven.surefire.booter.ForkedBooter.execute(ForkedBooter.java:162)
at org.apache.maven.surefire.booter.ForkedBooter.run(ForkedBooter.java:562)
at org.apache.maven.surefire.booter.ForkedBooter.main(ForkedBooter.java:548)
]]>
            </full-stacktrace>
          </exception> <!-- java.lang.AssertionError -->
          <reporter-output>
          </reporter-output>
        </test-method> <!-- titletest3 -->
        <test-method status="PASS" signature="teardown(org.testng.ITestResult)[pri:0, instance:ecom.SearchPageTest@7a765367]" name="teardown" is-config="true" duration-ms="1806" started-at="2021-03-31T19:33:42 IST" finished-at="2021-03-31T19:33:44 IST">
          <params>
            <param index="0">
              <value>
                <![CDATA[[TestResult name=titletest3 status=FAILURE method=SearchPageTest.titletest3()[pri:3, instance:ecom.SearchPageTest@7a765367] output={null}]]]>
              </value>
            </param>
          </params>
          <reporter-output>
          </reporter-output>
        </test-method> <!-- teardown -->
        <test-method status="PASS" signature="teardownforextents()[pri:0, instance:ecom.SearchPageTest@7a765367]" name="teardownforextents" is-config="true" duration-ms="140" started-at="2021-03-31T19:33:45 IST" finished-at="2021-03-31T19:33:45 IST">
          <reporter-output>
          </reporter-output>
        </test-method> <!-- teardownforextents -->
      </class> <!-- ecom.SearchPageTest -->
    </test> <!-- TestOnJenkin -->
  </suite> <!-- ExtentsReport -->
</testng-results>
