<?xml version="1.0" encoding="UTF-8"?>
<testng-results skipped="0" failed="2" ignored="0" total="8" passed="6">
  <reporter-output>
  </reporter-output>
  <suite name="ExtentsReport" duration-ms="151248" started-at="2021-03-30T18:01:59 IST" finished-at="2021-03-30T18:04:31 IST">
    <groups>
    </groups>
    <test name="TestOnJenkin" duration-ms="151248" started-at="2021-03-30T18:01:59 IST" finished-at="2021-03-30T18:04:31 IST">
      <class name="ecom.HomePageTest">
        <test-method status="PASS" signature="extentreportinitialisation()[pri:0, instance:ecom.HomePageTest@69b0fd6f]" name="extentreportinitialisation" is-config="true" duration-ms="807" started-at="2021-03-30T18:01:58 IST" finished-at="2021-03-30T18:01:59 IST">
          <reporter-output>
          </reporter-output>
        </test-method> <!-- extentreportinitialisation -->
        <test-method status="PASS" signature="access()[pri:0, instance:ecom.HomePageTest@69b0fd6f]" name="access" is-config="true" duration-ms="31847" started-at="2021-03-30T18:01:59 IST" finished-at="2021-03-30T18:02:31 IST">
          <reporter-output>
          </reporter-output>
        </test-method> <!-- access -->
        <test-method status="PASS" signature="signin()[pri:1, instance:ecom.HomePageTest@69b0fd6f]" name="signin" duration-ms="2928" started-at="2021-03-30T18:02:31 IST" finished-at="2021-03-30T18:02:34 IST">
          <reporter-output>
          </reporter-output>
        </test-method> <!-- signin -->
        <test-method status="PASS" signature="teardown(org.testng.ITestResult)[pri:0, instance:ecom.HomePageTest@69b0fd6f]" name="teardown" is-config="true" duration-ms="1185" started-at="2021-03-30T18:02:34 IST" finished-at="2021-03-30T18:02:35 IST">
          <params>
            <param index="0">
              <value>
                <![CDATA[[TestResult name=signin status=SUCCESS method=HomePageTest.signin()[pri:1, instance:ecom.HomePageTest@69b0fd6f] output={null}]]]>
              </value>
            </param>
          </params>
          <reporter-output>
          </reporter-output>
        </test-method> <!-- teardown -->
        <test-method status="PASS" signature="access()[pri:0, instance:ecom.HomePageTest@69b0fd6f]" name="access" is-config="true" duration-ms="14140" started-at="2021-03-30T18:02:35 IST" finished-at="2021-03-30T18:02:50 IST">
          <reporter-output>
          </reporter-output>
        </test-method> <!-- access -->
        <test-method status="PASS" signature="contact_us()[pri:2, instance:ecom.HomePageTest@69b0fd6f]" name="contact_us" duration-ms="2574" started-at="2021-03-30T18:02:50 IST" finished-at="2021-03-30T18:02:52 IST">
          <reporter-output>
          </reporter-output>
        </test-method> <!-- contact_us -->
        <test-method status="PASS" signature="teardown(org.testng.ITestResult)[pri:0, instance:ecom.HomePageTest@69b0fd6f]" name="teardown" is-config="true" duration-ms="784" started-at="2021-03-30T18:02:52 IST" finished-at="2021-03-30T18:02:53 IST">
          <params>
            <param index="0">
              <value>
                <![CDATA[[TestResult name=contact_us status=SUCCESS method=HomePageTest.contact_us()[pri:2, instance:ecom.HomePageTest@69b0fd6f] output={null}]]]>
              </value>
            </param>
          </params>
          <reporter-output>
          </reporter-output>
        </test-method> <!-- teardown -->
        <test-method status="PASS" signature="access()[pri:0, instance:ecom.HomePageTest@69b0fd6f]" name="access" is-config="true" duration-ms="13572" started-at="2021-03-30T18:02:53 IST" finished-at="2021-03-30T18:03:06 IST">
          <reporter-output>
          </reporter-output>
        </test-method> <!-- access -->
        <test-method status="PASS" signature="enter_search()[pri:3, instance:ecom.HomePageTest@69b0fd6f]" name="enter_search" duration-ms="220" started-at="2021-03-30T18:03:06 IST" finished-at="2021-03-30T18:03:07 IST">
          <reporter-output>
          </reporter-output>
        </test-method> <!-- enter_search -->
        <test-method status="PASS" signature="teardown(org.testng.ITestResult)[pri:0, instance:ecom.HomePageTest@69b0fd6f]" name="teardown" is-config="true" duration-ms="1281" started-at="2021-03-30T18:03:07 IST" finished-at="2021-03-30T18:03:08 IST">
          <params>
            <param index="0">
              <value>
                <![CDATA[[TestResult name=enter_search status=SUCCESS method=HomePageTest.enter_search()[pri:3, instance:ecom.HomePageTest@69b0fd6f] output={null}]]]>
              </value>
            </param>
          </params>
          <reporter-output>
          </reporter-output>
        </test-method> <!-- teardown -->
        <test-method status="PASS" signature="access()[pri:0, instance:ecom.HomePageTest@69b0fd6f]" name="access" is-config="true" duration-ms="13454" started-at="2021-03-30T18:03:08 IST" finished-at="2021-03-30T18:03:21 IST">
          <reporter-output>
          </reporter-output>
        </test-method> <!-- access -->
        <test-method status="PASS" signature="click_search_click()[pri:4, instance:ecom.HomePageTest@69b0fd6f]" name="click_search_click" duration-ms="5077" started-at="2021-03-30T18:03:21 IST" finished-at="2021-03-30T18:03:26 IST">
          <reporter-output>
          </reporter-output>
        </test-method> <!-- click_search_click -->
        <test-method status="PASS" signature="teardown(org.testng.ITestResult)[pri:0, instance:ecom.HomePageTest@69b0fd6f]" name="teardown" is-config="true" duration-ms="1158" started-at="2021-03-30T18:03:26 IST" finished-at="2021-03-30T18:03:28 IST">
          <params>
            <param index="0">
              <value>
                <![CDATA[[TestResult name=click_search_click status=SUCCESS method=HomePageTest.click_search_click()[pri:4, instance:ecom.HomePageTest@69b0fd6f] output={null}]]]>
              </value>
            </param>
          </params>
          <reporter-output>
          </reporter-output>
        </test-method> <!-- teardown -->
        <test-method status="PASS" signature="access()[pri:0, instance:ecom.HomePageTest@69b0fd6f]" name="access" is-config="true" duration-ms="13605" started-at="2021-03-30T18:03:28 IST" finished-at="2021-03-30T18:03:41 IST">
          <reporter-output>
          </reporter-output>
        </test-method> <!-- access -->
        <test-method status="FAIL" signature="title()[pri:5, instance:ecom.HomePageTest@69b0fd6f]" name="title" duration-ms="15" started-at="2021-03-30T18:03:41 IST" finished-at="2021-03-30T18:03:41 IST">
          <exception class="java.lang.AssertionError">
            <message>
              <![CDATA[expected [awesome] but found [My Store]]]>
            </message>
            <full-stacktrace>
              <![CDATA[java.lang.AssertionError: expected [awesome] but found [My Store]
at org.testng.Assert.fail(Assert.java:97)
at org.testng.Assert.assertEqualsImpl(Assert.java:136)
at org.testng.Assert.assertEquals(Assert.java:118)
at org.testng.Assert.assertEquals(Assert.java:575)
at org.testng.Assert.assertEquals(Assert.java:585)
at ecom.HomePageTest.title(HomePageTest.java:76)
at sun.reflect.NativeMethodAccessorImpl.invoke0(Native Method)
at sun.reflect.NativeMethodAccessorImpl.invoke(NativeMethodAccessorImpl.java:62)
at sun.reflect.DelegatingMethodAccessorImpl.invoke(DelegatingMethodAccessorImpl.java:43)
at java.lang.reflect.Method.invoke(Method.java:498)
at org.testng.internal.MethodInvocationHelper.invokeMethod(MethodInvocationHelper.java:134)
at org.testng.internal.TestInvoker.invokeMethod(TestInvoker.java:597)
at org.testng.internal.TestInvoker.invokeTestMethod(TestInvoker.java:173)
at org.testng.internal.MethodRunner.runInSequence(MethodRunner.java:46)
at org.testng.internal.TestInvoker$MethodInvocationAgent.invoke(TestInvoker.java:816)
at org.testng.internal.TestInvoker.invokeTestMethods(TestInvoker.java:146)
at org.testng.internal.TestMethodWorker.invokeTestMethods(TestMethodWorker.java:146)
at org.testng.internal.TestMethodWorker.run(TestMethodWorker.java:128)
at java.util.ArrayList.forEach(ArrayList.java:1249)
at org.testng.TestRunner.privateRun(TestRunner.java:766)
at org.testng.TestRunner.run(TestRunner.java:587)
at org.testng.SuiteRunner.runTest(SuiteRunner.java:384)
at org.testng.SuiteRunner.runSequentially(SuiteRunner.java:378)
at org.testng.SuiteRunner.privateRun(SuiteRunner.java:337)
at org.testng.SuiteRunner.run(SuiteRunner.java:286)
at org.testng.SuiteRunnerWorker.runSuite(SuiteRunnerWorker.java:53)
at org.testng.SuiteRunnerWorker.run(SuiteRunnerWorker.java:96)
at org.testng.TestNG.runSuitesSequentially(TestNG.java:1187)
at org.testng.TestNG.runSuitesLocally(TestNG.java:1109)
at org.testng.TestNG.runSuites(TestNG.java:1039)
at org.testng.TestNG.run(TestNG.java:1007)
at org.testng.remote.AbstractRemoteTestNG.run(AbstractRemoteTestNG.java:115)
at org.testng.remote.RemoteTestNG.initAndRun(RemoteTestNG.java:251)
at org.testng.remote.RemoteTestNG.main(RemoteTestNG.java:77)
]]>
            </full-stacktrace>
          </exception> <!-- java.lang.AssertionError -->
          <reporter-output>
          </reporter-output>
        </test-method> <!-- title -->
        <test-method status="PASS" signature="teardown(org.testng.ITestResult)[pri:0, instance:ecom.HomePageTest@69b0fd6f]" name="teardown" is-config="true" duration-ms="1978" started-at="2021-03-30T18:03:41 IST" finished-at="2021-03-30T18:03:43 IST">
          <params>
            <param index="0">
              <value>
                <![CDATA[[TestResult name=title status=FAILURE method=HomePageTest.title()[pri:5, instance:ecom.HomePageTest@69b0fd6f] output={null}]]]>
              </value>
            </param>
          </params>
          <reporter-output>
          </reporter-output>
        </test-method> <!-- teardown -->
        <test-method status="PASS" signature="teardownforextents()[pri:0, instance:ecom.HomePageTest@69b0fd6f]" name="teardownforextents" is-config="true" duration-ms="1484" started-at="2021-03-30T18:04:31 IST" finished-at="2021-03-30T18:04:33 IST">
          <reporter-output>
          </reporter-output>
        </test-method> <!-- teardownforextents -->
      </class> <!-- ecom.HomePageTest -->
      <class name="ecom.SearchPageTest">
        <test-method status="PASS" signature="extentreportinitialisation()[pri:0, instance:ecom.SearchPageTest@757942a1]" name="extentreportinitialisation" is-config="true" duration-ms="13" started-at="2021-03-30T18:01:59 IST" finished-at="2021-03-30T18:01:59 IST">
          <reporter-output>
          </reporter-output>
        </test-method> <!-- extentreportinitialisation -->
        <test-method status="PASS" signature="access()[pri:0, instance:ecom.SearchPageTest@757942a1]" name="access" is-config="true" duration-ms="15967" started-at="2021-03-30T18:03:43 IST" finished-at="2021-03-30T18:03:59 IST">
          <reporter-output>
          </reporter-output>
        </test-method> <!-- access -->
        <test-method status="PASS" signature="test1()[pri:1, instance:ecom.SearchPageTest@757942a1]" name="test1" duration-ms="3" started-at="2021-03-30T18:03:59 IST" finished-at="2021-03-30T18:03:59 IST">
          <reporter-output>
          </reporter-output>
        </test-method> <!-- test1 -->
        <test-method status="PASS" signature="teardown(org.testng.ITestResult)[pri:0, instance:ecom.SearchPageTest@757942a1]" name="teardown" is-config="true" duration-ms="1310" started-at="2021-03-30T18:03:59 IST" finished-at="2021-03-30T18:04:01 IST">
          <params>
            <param index="0">
              <value>
                <![CDATA[[TestResult name=test1 status=SUCCESS method=SearchPageTest.test1()[pri:1, instance:ecom.SearchPageTest@757942a1] output={null}]]]>
              </value>
            </param>
          </params>
          <reporter-output>
          </reporter-output>
        </test-method> <!-- teardown -->
        <test-method status="PASS" signature="access()[pri:0, instance:ecom.SearchPageTest@757942a1]" name="access" is-config="true" duration-ms="12308" started-at="2021-03-30T18:04:01 IST" finished-at="2021-03-30T18:04:13 IST">
          <reporter-output>
          </reporter-output>
        </test-method> <!-- access -->
        <test-method status="PASS" signature="teardown(org.testng.ITestResult)[pri:0, instance:ecom.SearchPageTest@757942a1]" name="teardown" is-config="true" duration-ms="930" started-at="2021-03-30T18:04:13 IST" finished-at="2021-03-30T18:04:14 IST">
          <params>
            <param index="0">
              <value>
                <![CDATA[[TestResult name=contact_us status=SUCCESS method=SearchPageTest.contact_us()[pri:2, instance:ecom.SearchPageTest@757942a1] output={null}]]]>
              </value>
            </param>
          </params>
          <reporter-output>
          </reporter-output>
        </test-method> <!-- teardown -->
        <test-method status="PASS" signature="contact_us()[pri:2, instance:ecom.SearchPageTest@757942a1]" name="contact_us" duration-ms="0" started-at="2021-03-30T18:04:13 IST" finished-at="2021-03-30T18:04:13 IST">
          <reporter-output>
          </reporter-output>
        </test-method> <!-- contact_us -->
        <test-method status="PASS" signature="access()[pri:0, instance:ecom.SearchPageTest@757942a1]" name="access" is-config="true" duration-ms="14777" started-at="2021-03-30T18:04:14 IST" finished-at="2021-03-30T18:04:29 IST">
          <reporter-output>
          </reporter-output>
        </test-method> <!-- access -->
        <test-method status="FAIL" signature="titletest3()[pri:3, instance:ecom.SearchPageTest@757942a1]" name="titletest3" duration-ms="12" started-at="2021-03-30T18:04:29 IST" finished-at="2021-03-30T18:04:29 IST">
          <exception class="java.lang.AssertionError">
            <message>
              <![CDATA[expected [awesome] but found [My Store]]]>
            </message>
            <full-stacktrace>
              <![CDATA[java.lang.AssertionError: expected [awesome] but found [My Store]
at org.testng.Assert.fail(Assert.java:97)
at org.testng.Assert.assertEqualsImpl(Assert.java:136)
at org.testng.Assert.assertEquals(Assert.java:118)
at org.testng.Assert.assertEquals(Assert.java:575)
at org.testng.Assert.assertEquals(Assert.java:585)
at ecom.SearchPageTest.titletest3(SearchPageTest.java:56)
at sun.reflect.NativeMethodAccessorImpl.invoke0(Native Method)
at sun.reflect.NativeMethodAccessorImpl.invoke(NativeMethodAccessorImpl.java:62)
at sun.reflect.DelegatingMethodAccessorImpl.invoke(DelegatingMethodAccessorImpl.java:43)
at java.lang.reflect.Method.invoke(Method.java:498)
at org.testng.internal.MethodInvocationHelper.invokeMethod(MethodInvocationHelper.java:134)
at org.testng.internal.TestInvoker.invokeMethod(TestInvoker.java:597)
at org.testng.internal.TestInvoker.invokeTestMethod(TestInvoker.java:173)
at org.testng.internal.MethodRunner.runInSequence(MethodRunner.java:46)
at org.testng.internal.TestInvoker$MethodInvocationAgent.invoke(TestInvoker.java:816)
at org.testng.internal.TestInvoker.invokeTestMethods(TestInvoker.java:146)
at org.testng.internal.TestMethodWorker.invokeTestMethods(TestMethodWorker.java:146)
at org.testng.internal.TestMethodWorker.run(TestMethodWorker.java:128)
at java.util.ArrayList.forEach(ArrayList.java:1249)
at org.testng.TestRunner.privateRun(TestRunner.java:766)
at org.testng.TestRunner.run(TestRunner.java:587)
at org.testng.SuiteRunner.runTest(SuiteRunner.java:384)
at org.testng.SuiteRunner.runSequentially(SuiteRunner.java:378)
at org.testng.SuiteRunner.privateRun(SuiteRunner.java:337)
at org.testng.SuiteRunner.run(SuiteRunner.java:286)
at org.testng.SuiteRunnerWorker.runSuite(SuiteRunnerWorker.java:53)
at org.testng.SuiteRunnerWorker.run(SuiteRunnerWorker.java:96)
at org.testng.TestNG.runSuitesSequentially(TestNG.java:1187)
at org.testng.TestNG.runSuitesLocally(TestNG.java:1109)
at org.testng.TestNG.runSuites(TestNG.java:1039)
at org.testng.TestNG.run(TestNG.java:1007)
at org.testng.remote.AbstractRemoteTestNG.run(AbstractRemoteTestNG.java:115)
at org.testng.remote.RemoteTestNG.initAndRun(RemoteTestNG.java:251)
at org.testng.remote.RemoteTestNG.main(RemoteTestNG.java:77)
]]>
            </full-stacktrace>
          </exception> <!-- java.lang.AssertionError -->
          <reporter-output>
          </reporter-output>
        </test-method> <!-- titletest3 -->
        <test-method status="PASS" signature="teardown(org.testng.ITestResult)[pri:0, instance:ecom.SearchPageTest@757942a1]" name="teardown" is-config="true" duration-ms="2001" started-at="2021-03-30T18:04:29 IST" finished-at="2021-03-30T18:04:31 IST">
          <params>
            <param index="0">
              <value>
                <![CDATA[[TestResult name=titletest3 status=FAILURE method=SearchPageTest.titletest3()[pri:3, instance:ecom.SearchPageTest@757942a1] output={null}]]]>
              </value>
            </param>
          </params>
          <reporter-output>
          </reporter-output>
        </test-method> <!-- teardown -->
        <test-method status="PASS" signature="teardownforextents()[pri:0, instance:ecom.SearchPageTest@757942a1]" name="teardownforextents" is-config="true" duration-ms="93" started-at="2021-03-30T18:04:33 IST" finished-at="2021-03-30T18:04:33 IST">
          <reporter-output>
          </reporter-output>
        </test-method> <!-- teardownforextents -->
      </class> <!-- ecom.SearchPageTest -->
    </test> <!-- TestOnJenkin -->
  </suite> <!-- ExtentsReport -->
</testng-results>
